<?xml version="1.0" encoding="UTF-8"?>
<testng-results ignored="0" total="0" passed="0" failed="0" skipped="0">
  <reporter-output>
  </reporter-output>
  <suite started-at="2026-02-02T22:34:59 IST" name="Surefire suite" finished-at="2026-02-02T22:35:00 IST" duration-ms="1015">
    <groups>
      <group name="cucumber">
        <method signature="AbstractTestNGCucumberTests.runScenario(io.cucumber.testng.PickleWrapper,io.cucumber.testng.FeatureWrapper)[pri:0, instance:runner.Testrunner$TestRunnerTest@36c88a32]" name="runScenario" class="io.cucumber.testng.AbstractTestNGCucumberTests"/>
      </group> <!-- cucumber -->
    </groups>
    <test started-at="2026-02-02T22:34:59 IST" name="Surefire test" finished-at="2026-02-02T22:35:00 IST" duration-ms="1015">
      <class name="runner.Testrunner$TestRunnerTest">
        <test-method is-config="true" signature="setUpClass(org.testng.ITestContext)[pri:0, instance:runner.Testrunner$TestRunnerTest@36c88a32]" started-at="2026-02-02T22:34:59 IST" name="setUpClass" finished-at="2026-02-02T22:35:00 IST" duration-ms="905" status="PASS">
          <params>
            <param index="0">
              <value>
                <![CDATA[org.testng.TestRunner@5f6722d3]]>
              </value>
            </param>
          </params>
          <reporter-output>
          </reporter-output>
        </test-method> <!-- setUpClass -->
        <test-method is-config="true" signature="tearDownClass()[pri:0, instance:runner.Testrunner$TestRunnerTest@36c88a32]" started-at="2026-02-02T22:35:00 IST" name="tearDownClass" finished-at="2026-02-02T22:35:00 IST" duration-ms="50" status="PASS">
          <reporter-output>
          </reporter-output>
        </test-method> <!-- tearDownClass -->
      </class> <!-- runner.Testrunner$TestRunnerTest -->
    </test> <!-- Surefire test -->
  </suite> <!-- Surefire suite -->
</testng-results>
