<?xml version="1.0" encoding="UTF-8"?>
<testng-results ignored="0" total="2" passed="2" failed="0" skipped="0">
  <reporter-output>
  </reporter-output>
  <suite started-at="2026-02-17T18:51:16 IST" name="Default suite" finished-at="2026-02-17T18:51:39 IST" duration-ms="23633">
    <groups>
    </groups>
    <test started-at="2026-02-17T18:51:16 IST" name="Default test" finished-at="2026-02-17T18:51:39 IST" duration-ms="23633">
      <class name="Webtest.Producttest">
        <test-method is-config="true" signature="setup()[pri:0, instance:Webtest.Producttest@f381794]" started-at="2026-02-17T18:51:16 IST" name="setup" finished-at="2026-02-17T18:51:26 IST" duration-ms="10296" status="PASS">
          <reporter-output>
          </reporter-output>
        </test-method> <!-- setup -->
        <test-method signature="verifyProductAddToCart()[pri:0, instance:Webtest.Producttest@f381794]" started-at="2026-02-17T18:51:26 IST" name="verifyProductAddToCart" finished-at="2026-02-17T18:51:28 IST" duration-ms="2366" status="PASS">
          <reporter-output>
          </reporter-output>
        </test-method> <!-- verifyProductAddToCart -->
        <test-method is-config="true" signature="tearDown()[pri:0, instance:Webtest.Producttest@f381794]" started-at="2026-02-17T18:51:28 IST" name="tearDown" finished-at="2026-02-17T18:51:29 IST" duration-ms="266" status="PASS">
          <reporter-output>
          </reporter-output>
        </test-method> <!-- tearDown -->
        <test-method is-config="true" signature="setup()[pri:0, instance:Webtest.Producttest@f381794]" started-at="2026-02-17T18:51:29 IST" name="setup" finished-at="2026-02-17T18:51:38 IST" duration-ms="9548" status="PASS">
          <reporter-output>
          </reporter-output>
        </test-method> <!-- setup -->
        <test-method signature="verifyShoppingCartitems()[pri:0, instance:Webtest.Producttest@f381794]" started-at="2026-02-17T18:51:38 IST" name="verifyShoppingCartitems" finished-at="2026-02-17T18:51:39 IST" duration-ms="830" status="PASS">
          <reporter-output>
          </reporter-output>
        </test-method> <!-- verifyShoppingCartitems -->
        <test-method is-config="true" signature="tearDown()[pri:0, instance:Webtest.Producttest@f381794]" started-at="2026-02-17T18:51:39 IST" name="tearDown" finished-at="2026-02-17T18:51:39 IST" duration-ms="238" status="PASS">
          <reporter-output>
          </reporter-output>
        </test-method> <!-- tearDown -->
      </class> <!-- Webtest.Producttest -->
    </test> <!-- Default test -->
  </suite> <!-- Default suite -->
</testng-results>
