<?xml version="1.0" encoding="UTF-8"?>
<testng-results ignored="0" total="2" passed="2" failed="0" skipped="0">
  <reporter-output>
  </reporter-output>
  <suite started-at="2026-02-20T19:13:02 IST" name="Default suite" finished-at="2026-02-20T19:13:19 IST" duration-ms="17669">
    <groups>
    </groups>
    <test started-at="2026-02-20T19:13:02 IST" name="Default test" finished-at="2026-02-20T19:13:19 IST" duration-ms="17669">
      <class name="Webtest.Logintest">
        <test-method is-config="true" signature="setUp()[pri:0, instance:Webtest.Logintest@53aad5d5]" started-at="2026-02-20T19:13:02 IST" name="setUp" finished-at="2026-02-20T19:13:05 IST" duration-ms="2790" status="PASS">
          <reporter-output>
          </reporter-output>
        </test-method> <!-- setUp -->
        <test-method signature="testSuccessfulLogin()[pri:1, instance:Webtest.Logintest@53aad5d5]" started-at="2026-02-20T19:13:05 IST" name="testSuccessfulLogin" description="Verify successful login with valid credentials" finished-at="2026-02-20T19:13:11 IST" duration-ms="6662" status="PASS">
          <reporter-output>
          </reporter-output>
        </test-method> <!-- testSuccessfulLogin -->
        <test-method is-config="true" signature="tearDown()[pri:0, instance:Webtest.Logintest@53aad5d5]" started-at="2026-02-20T19:13:11 IST" name="tearDown" finished-at="2026-02-20T19:13:11 IST" duration-ms="279" status="PASS">
          <reporter-output>
          </reporter-output>
        </test-method> <!-- tearDown -->
        <test-method is-config="true" signature="setUp()[pri:0, instance:Webtest.Logintest@53aad5d5]" started-at="2026-02-20T19:13:11 IST" name="setUp" finished-at="2026-02-20T19:13:13 IST" duration-ms="1103" status="PASS">
          <reporter-output>
          </reporter-output>
        </test-method> <!-- setUp -->
        <test-method signature="testFailedLogin()[pri:2, instance:Webtest.Logintest@53aad5d5]" started-at="2026-02-20T19:13:13 IST" name="testFailedLogin" description="Verify failed login with invalid credentials" finished-at="2026-02-20T19:13:19 IST" duration-ms="6510" status="PASS">
          <reporter-output>
          </reporter-output>
        </test-method> <!-- testFailedLogin -->
        <test-method is-config="true" signature="tearDown()[pri:0, instance:Webtest.Logintest@53aad5d5]" started-at="2026-02-20T19:13:19 IST" name="tearDown" finished-at="2026-02-20T19:13:19 IST" duration-ms="248" status="PASS">
          <reporter-output>
          </reporter-output>
        </test-method> <!-- tearDown -->
      </class> <!-- Webtest.Logintest -->
    </test> <!-- Default test -->
  </suite> <!-- Default suite -->
</testng-results>
